<?xml version="1.0" encoding="UTF-8"?>
<testng-results ignored="0" total="1" passed="1" failed="0" skipped="0">
  <reporter-output>
  </reporter-output>
  <suite started-at="2022-01-25T09:11:49Z" name="Default suite" finished-at="2022-01-25T09:12:21Z" duration-ms="32104">
    <groups>
    </groups>
    <test started-at="2022-01-25T09:11:49Z" name="Default test" finished-at="2022-01-25T09:12:21Z" duration-ms="32104">
      <class name="example5.web2">
        <test-method signature="f()[pri:0, instance:example5.web2@3646a422]" started-at="2022-01-25T01:11:49Z" name="f" finished-at="2022-01-25T01:12:21Z" duration-ms="32071" status="PASS">
          <reporter-output>
          </reporter-output>
        </test-method> <!-- f -->
      </class> <!-- example5.web2 -->
    </test> <!-- Default test -->
  </suite> <!-- Default suite -->
</testng-results>
